{
  "RSpec": {
    "coverage": {
      "/Users/joechirchirillo/Desktop/2_Mod/projects/final_solo_coupons/little_silkroad2/config/environment.rb": {
        "lines": [
          null,
          1,
          null,
          null,
          1
        ]
      },
      "/Users/joechirchirillo/Desktop/2_Mod/projects/final_solo_coupons/little_silkroad2/config/application.rb": {
        "lines": [
          1,
          null,
          1,
          null,
          1,
          1,
          1,
          1,
          1,
          1,
          1,
          1,
          1,
          1,
          null,
          null,
          null,
          null,
          1,
          null,
          1,
          1,
          null,
          1,
          null,
          null,
          null,
          null,
          1,
          null,
          null,
          null,
          null,
          null,
          null,
          null,
          null,
          null,
          null,
          null,
          null,
          1,
          null,
          null
        ]
      },
      "/Users/joechirchirillo/Desktop/2_Mod/projects/final_solo_coupons/little_silkroad2/config/boot.rb": {
        "lines": [
          1,
          null,
          1,
          1
        ]
      },
      "/Users/joechirchirillo/Desktop/2_Mod/projects/final_solo_coupons/little_silkroad2/config/environments/test.rb": {
        "lines": [
          1,
          null,
          null,
          null,
          null,
          null,
          null,
          1,
          null,
          null,
          null,
          1,
          null,
          null,
          null,
          null,
          null,
          1,
          null,
          null,
          1,
          1,
          null,
          null,
          null,
          null,
          1,
          1,
          1,
          null,
          null,
          1,
          null,
          null,
          1,
          null,
          null,
          1,
          null,
          1,
          null,
          null,
          null,
          null,
          1,
          null,
          null,
          1,
          null,
          null,
          1,
          null,
          null,
          1,
          null,
          null,
          null,
          null,
          null,
          null,
          null,
          null,
          1,
          null
        ]
      },
      "/Users/joechirchirillo/Desktop/2_Mod/projects/final_solo_coupons/little_silkroad2/config/initializers/cors.rb": {
        "lines": [
          null,
          null,
          null,
          null,
          null,
          null,
          null,
          1,
          1,
          1,
          null,
          1,
          null,
          null,
          null,
          null
        ]
      },
      "/Users/joechirchirillo/Desktop/2_Mod/projects/final_solo_coupons/little_silkroad2/config/initializers/filter_parameter_logging.rb": {
        "lines": [
          null,
          null,
          null,
          null,
          null,
          1,
          null,
          null
        ]
      },
      "/Users/joechirchirillo/Desktop/2_Mod/projects/final_solo_coupons/little_silkroad2/config/initializers/inflections.rb": {
        "lines": [
          null,
          null,
          null,
          null,
          null,
          null,
          null,
          null,
          null,
          null,
          null,
          null,
          null,
          null,
          null,
          null
        ]
      },
      "/Users/joechirchirillo/Desktop/2_Mod/projects/final_solo_coupons/little_silkroad2/config/routes.rb": {
        "lines": [
          1,
          1,
          null,
          1,
          null,
          1,
          1,
          1,
          1,
          1,
          null,
          1,
          1,
          1,
          null,
          1,
          null,
          1,
          1,
          1,
          1,
          1,
          null,
          1,
          null,
          1,
          1,
          1,
          1,
          null,
          1,
          1,
          1,
          1,
          null,
          null,
          null,
          null
        ]
      },
      "/Users/joechirchirillo/Desktop/2_Mod/projects/final_solo_coupons/little_silkroad2/app/models/merchant.rb": {
        "lines": [
          1,
          1,
          1,
          1,
          1,
          1,
          null,
          1,
          1,
          null,
          null,
          1,
          5,
          1,
          null,
          4,
          null,
          null,
          null,
          1,
          5,
          1,
          null,
          4,
          null,
          null,
          null,
          1,
          5,
          1,
          null,
          null,
          4,
          null,
          null,
          null,
          1,
          2,
          null,
          null,
          1,
          0,
          0,
          0,
          0,
          0,
          0,
          null,
          0,
          null,
          null,
          0,
          null,
          null,
          null
        ]
      },
      "/Users/joechirchirillo/Desktop/2_Mod/projects/final_solo_coupons/little_silkroad2/app/models/application_record.rb": {
        "lines": [
          1,
          1,
          null
        ]
      },
      "/Users/joechirchirillo/Desktop/2_Mod/projects/final_solo_coupons/little_silkroad2/app/models/customer.rb": {
        "lines": [
          1,
          1,
          null,
          1,
          1,
          null
        ]
      },
      "/Users/joechirchirillo/Desktop/2_Mod/projects/final_solo_coupons/little_silkroad2/app/models/item.rb": {
        "lines": [
          1,
          1,
          1,
          1,
          null,
          1,
          1,
          null,
          1,
          0,
          0,
          null,
          0,
          null,
          null,
          null,
          1,
          0,
          0,
          null,
          null,
          0,
          0,
          null,
          null,
          0,
          0,
          0,
          null,
          null,
          0,
          0,
          null,
          null,
          0,
          0,
          null,
          0,
          null,
          null,
          1,
          0,
          null,
          null,
          1,
          0,
          null,
          null,
          1,
          0,
          null,
          null
        ]
      },
      "/Users/joechirchirillo/Desktop/2_Mod/projects/final_solo_coupons/little_silkroad2/app/models/invoice.rb": {
        "lines": [
          1,
          1,
          1,
          1,
          1,
          1,
          1,
          null,
          1,
          1,
          null,
          1,
          4,
          3,
          null,
          null
        ]
      },
      "/Users/joechirchirillo/Desktop/2_Mod/projects/final_solo_coupons/little_silkroad2/app/controllers/api/v1/merchants_controller.rb": {
        "lines": [
          1,
          1,
          null,
          1,
          5,
          null,
          null,
          5,
          null,
          null,
          1,
          2,
          1,
          null,
          null,
          1,
          3,
          2,
          1,
          null,
          null,
          1,
          null,
          null,
          1,
          null,
          null,
          1,
          null,
          null,
          1,
          3,
          2,
          1,
          null,
          1,
          null,
          1,
          null,
          1,
          null,
          null,
          null,
          1,
          2,
          1,
          1,
          null,
          null,
          1,
          2,
          2,
          1,
          null,
          1,
          null,
          null,
          null,
          1,
          null,
          1,
          5,
          null,
          null,
          1,
          3,
          null,
          null
        ]
      },
      "/Users/joechirchirillo/Desktop/2_Mod/projects/final_solo_coupons/little_silkroad2/app/controllers/application_controller.rb": {
        "lines": [
          1,
          null
        ]
      },
      "/Users/joechirchirillo/Desktop/2_Mod/projects/final_solo_coupons/little_silkroad2/app/serializers/merchant_serializer.rb": {
        "lines": [
          1,
          1,
          1,
          17,
          2,
          null,
          null
        ]
      },
      "/Users/joechirchirillo/Desktop/2_Mod/projects/final_solo_coupons/little_silkroad2/app/models/invoice_item.rb": {
        "lines": [
          1,
          1,
          1,
          null,
          1,
          1,
          null
        ]
      },
      "/Users/joechirchirillo/Desktop/2_Mod/projects/final_solo_coupons/little_silkroad2/app/controllers/api/v1/merchant_customers_controller.rb": {
        "lines": [
          1,
          null,
          1,
          2,
          2,
          2,
          null,
          null
        ]
      },
      "/Users/joechirchirillo/Desktop/2_Mod/projects/final_solo_coupons/little_silkroad2/app/serializers/customer_serializer.rb": {
        "lines": [
          1,
          1,
          1,
          null
        ]
      },
      "/Users/joechirchirillo/Desktop/2_Mod/projects/final_solo_coupons/little_silkroad2/app/controllers/api/v1/merchant_items_controller.rb": {
        "lines": [
          1,
          1,
          null,
          1,
          2,
          1,
          1,
          null,
          null,
          1,
          null,
          1,
          1,
          null,
          null
        ]
      },
      "/Users/joechirchirillo/Desktop/2_Mod/projects/final_solo_coupons/little_silkroad2/app/serializers/item_serializer.rb": {
        "lines": [
          1,
          1,
          1,
          null
        ]
      },
      "/Users/joechirchirillo/Desktop/2_Mod/projects/final_solo_coupons/little_silkroad2/app/controllers/api/v1/merchant_invoices_controller.rb": {
        "lines": [
          1,
          null,
          1,
          null,
          1,
          5,
          4,
          4,
          4,
          null,
          null,
          1,
          null,
          1,
          1,
          null,
          null
        ]
      },
      "/Users/joechirchirillo/Desktop/2_Mod/projects/final_solo_coupons/little_silkroad2/app/serializers/invoice_serializer.rb": {
        "lines": [
          1,
          1,
          1,
          null
        ]
      },
      "/Users/joechirchirillo/Desktop/2_Mod/projects/final_solo_coupons/little_silkroad2/app/serializers/error_serializer.rb": {
        "lines": [
          1,
          1,
          null,
          6,
          null,
          null,
          null,
          null
        ]
      },
      "/Users/joechirchirillo/Desktop/2_Mod/projects/final_solo_coupons/little_silkroad2/app/models/coupon.rb": {
        "lines": [
          1,
          1,
          1,
          null,
          1,
          1,
          1,
          1,
          1,
          1,
          null,
          1,
          4,
          0,
          null,
          null,
          null,
          1,
          0,
          0,
          0,
          0,
          null,
          0,
          null,
          null,
          null
        ]
      }
    },
    "timestamp": 1727113581
  }
}
